<?xml version="1.0" encoding="UTF-8"?>
<testsuite name="org.hyperskill.stopwatch.SettingsDialogFragmentTest" tests="8" skipped="0" failures="0" errors="0" timestamp="2022-07-19T10:15:28" hostname="LEVASUSDT505" time="11.617">
  <properties/>
  <testcase name="testShouldCheckColorsOnRestart" classname="org.hyperskill.stopwatch.SettingsDialogFragmentTest" time="3.815"/>
  <testcase name="testShouldCheckSettingsButtonEnable" classname="org.hyperskill.stopwatch.SettingsDialogFragmentTest" time="0.394"/>
  <testcase name="testShouldCheckLimitIsSetOnOk" classname="org.hyperskill.stopwatch.SettingsDialogFragmentTest" time="3.502"/>
  <testcase name="testShouldCheckLimitIsNotSetOnCancel" classname="org.hyperskill.stopwatch.SettingsDialogFragmentTest" time="3.478"/>
  <testcase name="testShouldCheckSettingsButtonExist" classname="org.hyperskill.stopwatch.SettingsDialogFragmentTest" time="0.082"/>
  <testcase name="testDialogButtonsShouldContainText" classname="org.hyperskill.stopwatch.SettingsDialogFragmentTest" time="0.122"/>
  <testcase name="testShouldCheckSettingsButtonText" classname="org.hyperskill.stopwatch.SettingsDialogFragmentTest" time="0.1"/>
  <testcase name="testShouldShowAlertDialogOnSettingsButtonClick" classname="org.hyperskill.stopwatch.SettingsDialogFragmentTest" time="0.123"/>
  <system-out><![CDATA[]]></system-out>
  <system-err><![CDATA[]]></system-err>
</testsuite>
